0 info it worked if it ends with ok
1 verbose cli [ 'C:\\Program Files\\nodejs\\node.exe',
1 verbose cli   'C:\\Users\\abha53\\AppData\\Roaming\\npm\\node_modules\\npm\\bin\\npm-cli.js',
1 verbose cli   'run',
1 verbose cli   'start' ]
2 info using npm@3.10.8
3 info using node@v6.11.2
4 verbose run-script [ 'prestart', 'start', 'poststart' ]
5 info lifecycle auth-server@1.0.0~prestart: auth-server@1.0.0
6 silly lifecycle auth-server@1.0.0~prestart: no script for prestart, continuing
7 info lifecycle auth-server@1.0.0~start: auth-server@1.0.0
8 verbose lifecycle auth-server@1.0.0~start: unsafe-perm in lifecycle true
9 verbose lifecycle auth-server@1.0.0~start: PATH: C:\Users\abha53\AppData\Roaming\npm\node_modules\npm\bin\node-gyp-bin;D:\LearnReactJS\ReactTraining_AUG\myauthprj\server\node_modules\.bin;C:\ProgramData\Oracle\Java\javapath;C:\Program Files\MongoDB\Server\3.2\bin;;C:\Program Files\Java\jdk1.8.0_101\bin;D:\Archive\Tools\ANDROID_SDK\platform-tools;D:\Archive\Tools\ANDROID_SDK\tools;C:\windows\system32;C:\windows;C:\windows\System32\Wbem;C:\windows\System32\WindowsPowerShell\v1.0\;C:\Program Files\Git\cmd;C:\Program Files\Intel\WiFi\bin\;C:\Program Files\Common Files\Intel\WirelessCommon\;C:\Program Files\TortoiseGit\bin;C:\Program Files\nodejs\;C:\Program Files (x86)\Microsoft VS Code\bin;C:\Program Files\Intel\WiFi\bin\;C:\Program Files\Common Files\Intel\WirelessCommon\;C:\Users\abha53\AppData\Local\Box\Box Edit\;C:\Users\abha53\AppData\Roaming\npm
10 verbose lifecycle auth-server@1.0.0~start: CWD: D:\LearnReactJS\ReactTraining_AUG\myauthprj\server
11 silly lifecycle auth-server@1.0.0~start: Args: [ '/d /s /c', 'nodemon server' ]
12 silly lifecycle auth-server@1.0.0~start: Returned: code: 3221225786  signal: null
13 info lifecycle auth-server@1.0.0~start: Failed to exec start script
14 verbose stack Error: auth-server@1.0.0 start: `nodemon server`
14 verbose stack Exit status 3221225786
14 verbose stack     at EventEmitter.<anonymous> (C:\Users\abha53\AppData\Roaming\npm\node_modules\npm\lib\utils\lifecycle.js:255:16)
14 verbose stack     at emitTwo (events.js:106:13)
14 verbose stack     at EventEmitter.emit (events.js:191:7)
14 verbose stack     at ChildProcess.<anonymous> (C:\Users\abha53\AppData\Roaming\npm\node_modules\npm\lib\utils\spawn.js:40:14)
14 verbose stack     at emitTwo (events.js:106:13)
14 verbose stack     at ChildProcess.emit (events.js:191:7)
14 verbose stack     at maybeClose (internal/child_process.js:891:16)
14 verbose stack     at Process.ChildProcess._handle.onexit (internal/child_process.js:226:5)
15 verbose pkgid auth-server@1.0.0
16 verbose cwd D:\LearnReactJS\ReactTraining_AUG\myauthprj\server
17 error Windows_NT 6.1.7601
18 error argv "C:\\Program Files\\nodejs\\node.exe" "C:\\Users\\abha53\\AppData\\Roaming\\npm\\node_modules\\npm\\bin\\npm-cli.js" "run" "start"
19 error node v6.11.2
20 error npm  v3.10.8
21 error code ELIFECYCLE
22 error auth-server@1.0.0 start: `nodemon server`
22 error Exit status 3221225786
23 error Failed at the auth-server@1.0.0 start script 'nodemon server'.
23 error Make sure you have the latest version of node.js and npm installed.
23 error If you do, this is most likely a problem with the auth-server package,
23 error not with npm itself.
23 error Tell the author that this fails on your system:
23 error     nodemon server
23 error You can get information on how to open an issue for this project with:
23 error     npm bugs auth-server
23 error Or if that isn't available, you can get their info via:
23 error     npm owner ls auth-server
23 error There is likely additional logging output above.
24 verbose exit [ 1, true ]
